{"/home/victao-wsl-ubuntu/units-erp/units-bff/src/constants.ts": {"path":"/home/victao-wsl-ubuntu/units-erp/units-bff/src/constants.ts","all":false,"statementMap":{"0":{"start":{"line":1,"column":0},"end":{"line":1,"column":28}},"1":{"start":{"line":2,"column":0},"end":{"line":2,"column":0}},"2":{"start":{"line":3,"column":0},"end":{"line":3,"column":41}},"3":{"start":{"line":4,"column":0},"end":{"line":4,"column":0}},"4":{"start":{"line":5,"column":0},"end":{"line":5,"column":49}},"5":{"start":{"line":6,"column":0},"end":{"line":6,"column":0}},"6":{"start":{"line":7,"column":0},"end":{"line":7,"column":75}},"7":{"start":{"line":8,"column":0},"end":{"line":8,"column":0}},"8":{"start":{"line":9,"column":0},"end":{"line":9,"column":69}},"9":{"start":{"line":10,"column":0},"end":{"line":10,"column":0}},"10":{"start":{"line":11,"column":0},"end":{"line":11,"column":63}},"11":{"start":{"line":12,"column":0},"end":{"line":12,"column":0}},"12":{"start":{"line":13,"column":0},"end":{"line":13,"column":45}},"13":{"start":{"line":14,"column":0},"end":{"line":14,"column":37}}},"s":{"0":1,"1":1,"2":1,"3":1,"4":1,"5":1,"6":1,"7":1,"8":1,"9":1,"10":1,"11":1,"12":1,"13":1},"branchMap":{},"b":{},"fnMap":{},"f":{}}
,"/home/victao-wsl-ubuntu/units-erp/units-bff/src/modules/backend.module.ts": {"path":"/home/victao-wsl-ubuntu/units-erp/units-bff/src/modules/backend.module.ts","all":false,"statementMap":{"0":{"start":{"line":1,"column":0},"end":{"line":1,"column":60}},"1":{"start":{"line":2,"column":0},"end":{"line":2,"column":60}},"2":{"start":{"line":3,"column":0},"end":{"line":3,"column":71}},"3":{"start":{"line":4,"column":0},"end":{"line":4,"column":0}},"4":{"start":{"line":5,"column":0},"end":{"line":5,"column":21}},"5":{"start":{"line":6,"column":0},"end":{"line":6,"column":30}},"6":{"start":{"line":7,"column":0},"end":{"line":7,"column":54}},"7":{"start":{"line":8,"column":0},"end":{"line":8,"column":47}},"8":{"start":{"line":9,"column":0},"end":{"line":9,"column":0}},"9":{"start":{"line":10,"column":0},"end":{"line":10,"column":39}},"10":{"start":{"line":11,"column":0},"end":{"line":11,"column":0}},"11":{"start":{"line":12,"column":0},"end":{"line":12,"column":43}},"12":{"start":{"line":13,"column":0},"end":{"line":13,"column":50}},"13":{"start":{"line":14,"column":0},"end":{"line":14,"column":70}},"14":{"start":{"line":15,"column":0},"end":{"line":15,"column":0}},"15":{"start":{"line":16,"column":0},"end":{"line":16,"column":12}},"16":{"start":{"line":17,"column":0},"end":{"line":17,"column":16}},"17":{"start":{"line":18,"column":0},"end":{"line":18,"column":43}},"18":{"start":{"line":19,"column":0},"end":{"line":19,"column":45}},"19":{"start":{"line":20,"column":0},"end":{"line":20,"column":36}},"20":{"start":{"line":21,"column":0},"end":{"line":21,"column":8}},"21":{"start":{"line":22,"column":0},"end":{"line":22,"column":6}},"22":{"start":{"line":23,"column":0},"end":{"line":23,"column":4}},"23":{"start":{"line":24,"column":0},"end":{"line":24,"column":0}},"24":{"start":{"line":25,"column":0},"end":{"line":25,"column":14}},"25":{"start":{"line":26,"column":0},"end":{"line":26,"column":24}},"26":{"start":{"line":27,"column":0},"end":{"line":27,"column":17}},"27":{"start":{"line":28,"column":0},"end":{"line":28,"column":38}},"28":{"start":{"line":29,"column":0},"end":{"line":29,"column":22}},"29":{"start":{"line":30,"column":0},"end":{"line":30,"column":37}},"30":{"start":{"line":31,"column":0},"end":{"line":31,"column":6}},"31":{"start":{"line":32,"column":0},"end":{"line":32,"column":51}},"32":{"start":{"line":33,"column":0},"end":{"line":33,"column":50}},"33":{"start":{"line":34,"column":0},"end":{"line":34,"column":47}},"34":{"start":{"line":35,"column":0},"end":{"line":35,"column":5}},"35":{"start":{"line":36,"column":0},"end":{"line":36,"column":23}},"36":{"start":{"line":37,"column":0},"end":{"line":37,"column":26}},"37":{"start":{"line":38,"column":0},"end":{"line":38,"column":34}},"38":{"start":{"line":39,"column":0},"end":{"line":39,"column":21}},"39":{"start":{"line":40,"column":0},"end":{"line":40,"column":58}},"40":{"start":{"line":41,"column":0},"end":{"line":41,"column":5}},"41":{"start":{"line":42,"column":0},"end":{"line":42,"column":20}},"42":{"start":{"line":43,"column":0},"end":{"line":43,"column":56}},"43":{"start":{"line":44,"column":0},"end":{"line":44,"column":5}},"44":{"start":{"line":45,"column":0},"end":{"line":45,"column":41}},"45":{"start":{"line":46,"column":0},"end":{"line":46,"column":0}},"46":{"start":{"line":47,"column":0},"end":{"line":47,"column":67}},"47":{"start":{"line":48,"column":0},"end":{"line":48,"column":3}},"48":{"start":{"line":49,"column":0},"end":{"line":49,"column":0}},"49":{"start":{"line":50,"column":0},"end":{"line":50,"column":34}},"50":{"start":{"line":51,"column":0},"end":{"line":51,"column":44}},"51":{"start":{"line":52,"column":0},"end":{"line":52,"column":31}},"52":{"start":{"line":53,"column":0},"end":{"line":53,"column":7}},"53":{"start":{"line":54,"column":0},"end":{"line":54,"column":4}},"54":{"start":{"line":55,"column":0},"end":{"line":55,"column":0}},"55":{"start":{"line":56,"column":0},"end":{"line":56,"column":69}},"56":{"start":{"line":57,"column":0},"end":{"line":57,"column":41}},"57":{"start":{"line":58,"column":0},"end":{"line":58,"column":0}},"58":{"start":{"line":59,"column":0},"end":{"line":59,"column":30}},"59":{"start":{"line":60,"column":0},"end":{"line":60,"column":0}},"60":{"start":{"line":61,"column":0},"end":{"line":61,"column":29}},"61":{"start":{"line":62,"column":0},"end":{"line":62,"column":55}},"62":{"start":{"line":63,"column":0},"end":{"line":63,"column":5}},"63":{"start":{"line":64,"column":0},"end":{"line":64,"column":0}},"64":{"start":{"line":65,"column":0},"end":{"line":65,"column":28}},"65":{"start":{"line":66,"column":0},"end":{"line":66,"column":4}},"66":{"start":{"line":67,"column":0},"end":{"line":67,"column":0}},"67":{"start":{"line":68,"column":0},"end":{"line":68,"column":67}},"68":{"start":{"line":69,"column":0},"end":{"line":69,"column":40}},"69":{"start":{"line":70,"column":0},"end":{"line":70,"column":35}},"70":{"start":{"line":71,"column":0},"end":{"line":71,"column":48}},"71":{"start":{"line":72,"column":0},"end":{"line":72,"column":42}},"72":{"start":{"line":73,"column":0},"end":{"line":73,"column":37}},"73":{"start":{"line":74,"column":0},"end":{"line":74,"column":19}},"74":{"start":{"line":75,"column":0},"end":{"line":75,"column":7}},"75":{"start":{"line":76,"column":0},"end":{"line":76,"column":17}},"76":{"start":{"line":77,"column":0},"end":{"line":77,"column":12}},"77":{"start":{"line":78,"column":0},"end":{"line":78,"column":4}},"78":{"start":{"line":79,"column":0},"end":{"line":79,"column":0}},"79":{"start":{"line":80,"column":0},"end":{"line":80,"column":23}},"80":{"start":{"line":81,"column":0},"end":{"line":81,"column":54}},"81":{"start":{"line":82,"column":0},"end":{"line":82,"column":28}},"82":{"start":{"line":83,"column":0},"end":{"line":83,"column":34}},"83":{"start":{"line":84,"column":0},"end":{"line":84,"column":26}},"84":{"start":{"line":85,"column":0},"end":{"line":85,"column":32}},"85":{"start":{"line":86,"column":0},"end":{"line":86,"column":44}},"86":{"start":{"line":87,"column":0},"end":{"line":87,"column":4}},"87":{"start":{"line":88,"column":0},"end":{"line":88,"column":0}},"88":{"start":{"line":89,"column":0},"end":{"line":89,"column":61}},"89":{"start":{"line":90,"column":0},"end":{"line":90,"column":80}},"90":{"start":{"line":91,"column":0},"end":{"line":91,"column":4}},"91":{"start":{"line":92,"column":0},"end":{"line":92,"column":0}},"92":{"start":{"line":93,"column":0},"end":{"line":93,"column":62}},"93":{"start":{"line":94,"column":0},"end":{"line":94,"column":41}},"94":{"start":{"line":95,"column":0},"end":{"line":95,"column":22}},"95":{"start":{"line":96,"column":0},"end":{"line":96,"column":19}},"96":{"start":{"line":97,"column":0},"end":{"line":97,"column":27}},"97":{"start":{"line":98,"column":0},"end":{"line":98,"column":6}},"98":{"start":{"line":99,"column":0},"end":{"line":99,"column":4}},"99":{"start":{"line":100,"column":0},"end":{"line":100,"column":0}},"100":{"start":{"line":101,"column":0},"end":{"line":101,"column":61}},"101":{"start":{"line":102,"column":0},"end":{"line":102,"column":40}},"102":{"start":{"line":103,"column":0},"end":{"line":103,"column":22}},"103":{"start":{"line":104,"column":0},"end":{"line":104,"column":19}},"104":{"start":{"line":105,"column":0},"end":{"line":105,"column":27}},"105":{"start":{"line":106,"column":0},"end":{"line":106,"column":6}},"106":{"start":{"line":107,"column":0},"end":{"line":107,"column":4}},"107":{"start":{"line":108,"column":0},"end":{"line":108,"column":0}},"108":{"start":{"line":109,"column":0},"end":{"line":109,"column":63}},"109":{"start":{"line":110,"column":0},"end":{"line":110,"column":42}},"110":{"start":{"line":111,"column":0},"end":{"line":111,"column":22}},"111":{"start":{"line":112,"column":0},"end":{"line":112,"column":19}},"112":{"start":{"line":113,"column":0},"end":{"line":113,"column":27}},"113":{"start":{"line":114,"column":0},"end":{"line":114,"column":6}},"114":{"start":{"line":115,"column":0},"end":{"line":115,"column":4}},"115":{"start":{"line":116,"column":0},"end":{"line":116,"column":0}},"116":{"start":{"line":117,"column":0},"end":{"line":117,"column":64}},"117":{"start":{"line":118,"column":0},"end":{"line":118,"column":43}},"118":{"start":{"line":119,"column":0},"end":{"line":119,"column":22}},"119":{"start":{"line":120,"column":0},"end":{"line":120,"column":27}},"120":{"start":{"line":121,"column":0},"end":{"line":121,"column":6}},"121":{"start":{"line":122,"column":0},"end":{"line":122,"column":4}},"122":{"start":{"line":123,"column":0},"end":{"line":123,"column":1}},"123":{"start":{"line":124,"column":0},"end":{"line":124,"column":0}},"124":{"start":{"line":125,"column":0},"end":{"line":125,"column":25}}},"s":{"0":1,"1":1,"2":1,"3":1,"4":1,"5":1,"6":1,"7":1,"8":1,"9":1,"10":1,"11":1,"12":7,"13":7,"14":7,"15":7,"16":7,"17":7,"18":7,"19":7,"20":7,"21":7,"22":1,"23":1,"24":1,"25":8,"26":8,"27":8,"28":8,"29":8,"30":8,"31":8,"32":8,"33":8,"34":8,"35":8,"36":8,"37":8,"38":8,"39":1,"40":1,"41":8,"42":1,"43":1,"44":8,"45":8,"46":8,"47":8,"48":1,"49":1,"50":8,"51":8,"52":8,"53":1,"54":1,"55":1,"56":1,"57":1,"58":1,"59":1,"60":1,"61":2,"62":2,"63":1,"64":1,"65":1,"66":1,"67":1,"68":1,"69":1,"70":1,"71":2,"72":2,"73":1,"74":1,"75":2,"76":1,"77":1,"78":1,"79":1,"80":1,"81":1,"82":1,"83":1,"84":1,"85":1,"86":1,"87":1,"88":1,"89":1,"90":1,"91":1,"92":1,"93":1,"94":1,"95":1,"96":1,"97":1,"98":1,"99":1,"100":1,"101":1,"102":1,"103":1,"104":1,"105":1,"106":1,"107":1,"108":1,"109":1,"110":1,"111":1,"112":1,"113":1,"114":1,"115":1,"116":1,"117":1,"118":1,"119":1,"120":1,"121":1,"122":1,"123":1,"124":1},"branchMap":{"0":{"type":"branch","line":25,"loc":{"start":{"line":25,"column":2},"end":{"line":48,"column":3}},"locations":[{"start":{"line":25,"column":2},"end":{"line":48,"column":3}}]},"1":{"type":"branch","line":39,"loc":{"start":{"line":39,"column":20},"end":{"line":41,"column":5}},"locations":[{"start":{"line":39,"column":20},"end":{"line":41,"column":5}}]},"2":{"type":"branch","line":42,"loc":{"start":{"line":42,"column":19},"end":{"line":44,"column":5}},"locations":[{"start":{"line":42,"column":19},"end":{"line":44,"column":5}}]},"3":{"type":"branch","line":12,"loc":{"start":{"line":12,"column":36},"end":{"line":23,"column":3}},"locations":[{"start":{"line":12,"column":36},"end":{"line":23,"column":3}}]},"4":{"type":"branch","line":14,"loc":{"start":{"line":14,"column":37},"end":{"line":14,"column":57}},"locations":[{"start":{"line":14,"column":37},"end":{"line":14,"column":57}}]},"5":{"type":"branch","line":14,"loc":{"start":{"line":14,"column":58},"end":{"line":14,"column":69}},"locations":[{"start":{"line":14,"column":58},"end":{"line":14,"column":69}}]},"6":{"type":"branch","line":50,"loc":{"start":{"line":50,"column":27},"end":{"line":54,"column":3}},"locations":[{"start":{"line":50,"column":27},"end":{"line":54,"column":3}}]},"7":{"type":"branch","line":56,"loc":{"start":{"line":56,"column":28},"end":{"line":66,"column":3}},"locations":[{"start":{"line":56,"column":28},"end":{"line":66,"column":3}}]},"8":{"type":"branch","line":61,"loc":{"start":{"line":61,"column":28},"end":{"line":63,"column":5}},"locations":[{"start":{"line":61,"column":28},"end":{"line":63,"column":5}}]},"9":{"type":"branch","line":68,"loc":{"start":{"line":68,"column":27},"end":{"line":78,"column":3}},"locations":[{"start":{"line":68,"column":27},"end":{"line":78,"column":3}}]},"10":{"type":"branch","line":71,"loc":{"start":{"line":71,"column":23},"end":{"line":77,"column":5}},"locations":[{"start":{"line":71,"column":23},"end":{"line":77,"column":5}}]},"11":{"type":"branch","line":73,"loc":{"start":{"line":73,"column":36},"end":{"line":75,"column":7}},"locations":[{"start":{"line":73,"column":36},"end":{"line":75,"column":7}}]},"12":{"type":"branch","line":89,"loc":{"start":{"line":89,"column":15},"end":{"line":91,"column":4}},"locations":[{"start":{"line":89,"column":15},"end":{"line":91,"column":4}}]},"13":{"type":"branch","line":89,"loc":{"start":{"line":89,"column":59},"end":{"line":91,"column":3}},"locations":[{"start":{"line":89,"column":59},"end":{"line":91,"column":3}}]},"14":{"type":"branch","line":93,"loc":{"start":{"line":93,"column":16},"end":{"line":99,"column":4}},"locations":[{"start":{"line":93,"column":16},"end":{"line":99,"column":4}}]},"15":{"type":"branch","line":93,"loc":{"start":{"line":93,"column":60},"end":{"line":99,"column":3}},"locations":[{"start":{"line":93,"column":60},"end":{"line":99,"column":3}}]},"16":{"type":"branch","line":101,"loc":{"start":{"line":101,"column":15},"end":{"line":107,"column":4}},"locations":[{"start":{"line":101,"column":15},"end":{"line":107,"column":4}}]},"17":{"type":"branch","line":101,"loc":{"start":{"line":101,"column":59},"end":{"line":107,"column":3}},"locations":[{"start":{"line":101,"column":59},"end":{"line":107,"column":3}}]},"18":{"type":"branch","line":109,"loc":{"start":{"line":109,"column":17},"end":{"line":115,"column":4}},"locations":[{"start":{"line":109,"column":17},"end":{"line":115,"column":4}}]},"19":{"type":"branch","line":109,"loc":{"start":{"line":109,"column":61},"end":{"line":115,"column":3}},"locations":[{"start":{"line":109,"column":61},"end":{"line":115,"column":3}}]},"20":{"type":"branch","line":117,"loc":{"start":{"line":117,"column":18},"end":{"line":122,"column":4}},"locations":[{"start":{"line":117,"column":18},"end":{"line":122,"column":4}}]},"21":{"type":"branch","line":117,"loc":{"start":{"line":117,"column":62},"end":{"line":122,"column":3}},"locations":[{"start":{"line":117,"column":62},"end":{"line":122,"column":3}}]}},"b":{"0":[8],"1":[1],"2":[1],"3":[7],"4":[3],"5":[4],"6":[8],"7":[1],"8":[2],"9":[1],"10":[2],"11":[1],"12":[1],"13":[1],"14":[1],"15":[1],"16":[1],"17":[1],"18":[1],"19":[1],"20":[1],"21":[1]},"fnMap":{"0":{"name":"BackendModule","decl":{"start":{"line":25,"column":2},"end":{"line":48,"column":3}},"loc":{"start":{"line":25,"column":2},"end":{"line":48,"column":3}},"line":25},"1":{"name":"BackendModule.generateConfig","decl":{"start":{"line":12,"column":36},"end":{"line":23,"column":3}},"loc":{"start":{"line":12,"column":36},"end":{"line":23,"column":3}},"line":12},"2":{"name":"BackendModule.createInstance","decl":{"start":{"line":50,"column":27},"end":{"line":54,"column":3}},"loc":{"start":{"line":50,"column":27},"end":{"line":54,"column":3}},"line":50},"3":{"name":"BackendModule.parseParamsData","decl":{"start":{"line":56,"column":28},"end":{"line":66,"column":3}},"loc":{"start":{"line":56,"column":28},"end":{"line":66,"column":3}},"line":56},"4":{"name":"BackendModule.parseQueryData","decl":{"start":{"line":68,"column":27},"end":{"line":78,"column":3}},"loc":{"start":{"line":68,"column":27},"end":{"line":78,"column":3}},"line":68},"5":{"name":"BackendModule.extractData","decl":{"start":{"line":81,"column":24},"end":{"line":87,"column":3}},"loc":{"start":{"line":81,"column":24},"end":{"line":87,"column":3}},"line":81},"6":{"name":"BackendModule.get","decl":{"start":{"line":89,"column":15},"end":{"line":91,"column":4}},"loc":{"start":{"line":89,"column":15},"end":{"line":91,"column":4}},"line":89},"7":{"name":"BackendModule.post","decl":{"start":{"line":93,"column":16},"end":{"line":99,"column":4}},"loc":{"start":{"line":93,"column":16},"end":{"line":99,"column":4}},"line":93},"8":{"name":"BackendModule.put","decl":{"start":{"line":101,"column":15},"end":{"line":107,"column":4}},"loc":{"start":{"line":101,"column":15},"end":{"line":107,"column":4}},"line":101},"9":{"name":"BackendModule.patch","decl":{"start":{"line":109,"column":17},"end":{"line":115,"column":4}},"loc":{"start":{"line":109,"column":17},"end":{"line":115,"column":4}},"line":109},"10":{"name":"BackendModule.delete","decl":{"start":{"line":117,"column":18},"end":{"line":122,"column":4}},"loc":{"start":{"line":117,"column":18},"end":{"line":122,"column":4}},"line":117}},"f":{"0":8,"1":7,"2":8,"3":1,"4":1,"5":1,"6":1,"7":1,"8":1,"9":1,"10":1}}
}
