TN:
SF:src/constants.ts
FNF:0
FNH:0
DA:1,1
DA:2,1
DA:3,1
DA:4,1
DA:5,1
DA:6,1
DA:7,1
DA:8,1
DA:9,1
DA:10,1
DA:11,1
DA:12,1
DA:13,1
DA:14,1
LF:14
LH:14
BRF:0
BRH:0
end_of_record
TN:
SF:src/modules/backend.module.ts
FN:25,BackendModule
FN:12,BackendModule.generateConfig
FN:50,BackendModule.createInstance
FN:56,BackendModule.parseParamsData
FN:68,BackendModule.parseQueryData
FN:81,BackendModule.extractData
FN:89,BackendModule.get
FN:93,BackendModule.post
FN:101,BackendModule.put
FN:109,BackendModule.patch
FN:117,BackendModule.delete
FNF:11
FNH:11
FNDA:8,BackendModule
FNDA:7,BackendModule.generateConfig
FNDA:8,BackendModule.createInstance
FNDA:1,BackendModule.parseParamsData
FNDA:1,BackendModule.parseQueryData
FNDA:1,BackendModule.extractData
FNDA:1,BackendModule.get
FNDA:1,BackendModule.post
FNDA:1,BackendModule.put
FNDA:1,BackendModule.patch
FNDA:1,BackendModule.delete
DA:1,1
DA:2,1
DA:3,1
DA:4,1
DA:5,1
DA:6,1
DA:7,1
DA:8,1
DA:9,1
DA:10,1
DA:11,1
DA:12,1
DA:13,7
DA:14,7
DA:15,7
DA:16,7
DA:17,7
DA:18,7
DA:19,7
DA:20,7
DA:21,7
DA:22,7
DA:23,1
DA:24,1
DA:25,1
DA:26,8
DA:27,8
DA:28,8
DA:29,8
DA:30,8
DA:31,8
DA:32,8
DA:33,8
DA:34,8
DA:35,8
DA:36,8
DA:37,8
DA:38,8
DA:39,8
DA:40,1
DA:41,1
DA:42,8
DA:43,1
DA:44,1
DA:45,8
DA:46,8
DA:47,8
DA:48,8
DA:49,1
DA:50,1
DA:51,8
DA:52,8
DA:53,8
DA:54,1
DA:55,1
DA:56,1
DA:57,1
DA:58,1
DA:59,1
DA:60,1
DA:61,1
DA:62,2
DA:63,2
DA:64,1
DA:65,1
DA:66,1
DA:67,1
DA:68,1
DA:69,1
DA:70,1
DA:71,1
DA:72,2
DA:73,2
DA:74,1
DA:75,1
DA:76,2
DA:77,1
DA:78,1
DA:79,1
DA:80,1
DA:81,1
DA:82,1
DA:83,1
DA:84,1
DA:85,1
DA:86,1
DA:87,1
DA:88,1
DA:89,1
DA:90,1
DA:91,1
DA:92,1
DA:93,1
DA:94,1
DA:95,1
DA:96,1
DA:97,1
DA:98,1
DA:99,1
DA:100,1
DA:101,1
DA:102,1
DA:103,1
DA:104,1
DA:105,1
DA:106,1
DA:107,1
DA:108,1
DA:109,1
DA:110,1
DA:111,1
DA:112,1
DA:113,1
DA:114,1
DA:115,1
DA:116,1
DA:117,1
DA:118,1
DA:119,1
DA:120,1
DA:121,1
DA:122,1
DA:123,1
DA:124,1
DA:125,1
LF:125
LH:125
BRDA:25,0,0,8
BRDA:39,1,0,1
BRDA:42,2,0,1
BRDA:12,3,0,7
BRDA:14,4,0,3
BRDA:14,5,0,4
BRDA:50,6,0,8
BRDA:56,7,0,1
BRDA:61,8,0,2
BRDA:68,9,0,1
BRDA:71,10,0,2
BRDA:73,11,0,1
BRDA:89,12,0,1
BRDA:89,13,0,1
BRDA:93,14,0,1
BRDA:93,15,0,1
BRDA:101,16,0,1
BRDA:101,17,0,1
BRDA:109,18,0,1
BRDA:109,19,0,1
BRDA:117,20,0,1
BRDA:117,21,0,1
BRF:22
BRH:22
end_of_record
